[2020-09-10 15:44:49.013] [renderer1] [error] <semantic> TypeScript Server Error (3.9.7)
Cannot read property 'kind' of undefined
TypeError: Cannot read property 'kind' of undefined
    at isPropertyDeclaration (/snap/code/42/usr/share/code/resources/app/extensions/node_modules/typescript/lib/tsserver.js:11183:21)
    at Object.isPrivateIdentifierPropertyDeclaration (/snap/code/42/usr/share/code/resources/app/extensions/node_modules/typescript/lib/tsserver.js:12009:16)
    at /snap/code/42/usr/share/code/resources/app/extensions/node_modules/typescript/lib/tsserver.js:111643:36
    at Array.filter (<anonymous>)
    at stringLiteralCompletionsFromProperties (/snap/code/42/usr/share/code/resources/app/extensions/node_modules/typescript/lib/tsserver.js:111642:59)
    at getStringLiteralCompletionEntries (/snap/code/42/usr/share/code/resources/app/extensions/node_modules/typescript/lib/tsserver.js:111575:36)
    at Object.getStringLiteralCompletions (/snap/code/42/usr/share/code/resources/app/extensions/node_modules/typescript/lib/tsserver.js:111451:35)
    at Object.getCompletionsAtPosition (/snap/code/42/usr/share/code/resources/app/extensions/node_modules/typescript/lib/tsserver.js:112187:67)
    at Proxy.getCompletionsAtPosition (/snap/code/42/usr/share/code/resources/app/extensions/node_modules/typescript/lib/tsserver.js:138899:35)
    at IOSession.Session.getCompletions (/snap/code/42/usr/share/code/resources/app/extensions/node_modules/typescript/lib/tsserver.js:148978:64)
    at Session.handlers.ts.createMapFromTemplate._a.<computed> (/snap/code/42/usr/share/code/resources/app/extensions/node_modules/typescript/lib/tsserver.js:147915:61)
    at /snap/code/42/usr/share/code/resources/app/extensions/node_modules/typescript/lib/tsserver.js:149555:88
    at IOSession.Session.executeWithRequestId (/snap/code/42/usr/share/code/resources/app/extensions/node_modules/typescript/lib/tsserver.js:149546:28)
    at IOSession.Session.executeCommand (/snap/code/42/usr/share/code/resources/app/extensions/node_modules/typescript/lib/tsserver.js:149555:33)
    at IOSession.Session.onMessage (/snap/code/42/usr/share/code/resources/app/extensions/node_modules/typescript/lib/tsserver.js:149579:35)
    at Interface.<anonymous> (/snap/code/42/usr/share/code/resources/app/extensions/node_modules/typescript/lib/tsserver.js:150895:27)
    at Interface.emit (events.js:203:13)
    at Interface._onLine (readline.js:316:10)
    at Interface._normalWrite (readline.js:461:12)
    at Socket.ondata (readline.js:172:10)
    at Socket.emit (events.js:203:13)
    at addChunk (_stream_readable.js:295:12)
    at readableAddChunk (_stream_readable.js:276:11)
    at Socket.Readable.push (_stream_readable.js:210:10)
    at Pipe.onStreamRead (internal/stream_base_commons.js:166:17): Error: <semantic> TypeScript Server Error (3.9.7)
Cannot read property 'kind' of undefined
TypeError: Cannot read property 'kind' of undefined
    at isPropertyDeclaration (/snap/code/42/usr/share/code/resources/app/extensions/node_modules/typescript/lib/tsserver.js:11183:21)
    at Object.isPrivateIdentifierPropertyDeclaration (/snap/code/42/usr/share/code/resources/app/extensions/node_modules/typescript/lib/tsserver.js:12009:16)
    at /snap/code/42/usr/share/code/resources/app/extensions/node_modules/typescript/lib/tsserver.js:111643:36
    at Array.filter (<anonymous>)
    at stringLiteralCompletionsFromProperties (/snap/code/42/usr/share/code/resources/app/extensions/node_modules/typescript/lib/tsserver.js:111642:59)
    at getStringLiteralCompletionEntries (/snap/code/42/usr/share/code/resources/app/extensions/node_modules/typescript/lib/tsserver.js:111575:36)
    at Object.getStringLiteralCompletions (/snap/code/42/usr/share/code/resources/app/extensions/node_modules/typescript/lib/tsserver.js:111451:35)
    at Object.getCompletionsAtPosition (/snap/code/42/usr/share/code/resources/app/extensions/node_modules/typescript/lib/tsserver.js:112187:67)
    at Proxy.getCompletionsAtPosition (/snap/code/42/usr/share/code/resources/app/extensions/node_modules/typescript/lib/tsserver.js:138899:35)
    at IOSession.Session.getCompletions (/snap/code/42/usr/share/code/resources/app/extensions/node_modules/typescript/lib/tsserver.js:148978:64)
    at Session.handlers.ts.createMapFromTemplate._a.<computed> (/snap/code/42/usr/share/code/resources/app/extensions/node_modules/typescript/lib/tsserver.js:147915:61)
    at /snap/code/42/usr/share/code/resources/app/extensions/node_modules/typescript/lib/tsserver.js:149555:88
    at IOSession.Session.executeWithRequestId (/snap/code/42/usr/share/code/resources/app/extensions/node_modules/typescript/lib/tsserver.js:149546:28)
    at IOSession.Session.executeCommand (/snap/code/42/usr/share/code/resources/app/extensions/node_modules/typescript/lib/tsserver.js:149555:33)
    at IOSession.Session.onMessage (/snap/code/42/usr/share/code/resources/app/extensions/node_modules/typescript/lib/tsserver.js:149579:35)
    at Interface.<anonymous> (/snap/code/42/usr/share/code/resources/app/extensions/node_modules/typescript/lib/tsserver.js:150895:27)
    at Interface.emit (events.js:203:13)
    at Interface._onLine (readline.js:316:10)
    at Interface._normalWrite (readline.js:461:12)
    at Socket.ondata (readline.js:172:10)
    at Socket.emit (events.js:203:13)
    at addChunk (_stream_readable.js:295:12)
    at readableAddChunk (_stream_readable.js:276:11)
    at Socket.Readable.push (_stream_readable.js:210:10)
    at Pipe.onStreamRead (internal/stream_base_commons.js:166:17)
    at Function.create (/snap/code/42/usr/share/code/resources/app/extensions/typescript-language-features/dist/extension.js:1:75328)
    at h.dispatchResponse (/snap/code/42/usr/share/code/resources/app/extensions/typescript-language-features/dist/extension.js:1:69203)
    at h.dispatchMessage (/snap/code/42/usr/share/code/resources/app/extensions/typescript-language-features/dist/extension.js:1:68123)
    at /snap/code/42/usr/share/code/resources/app/extensions/typescript-language-features/dist/extension.js:1:67652
    at l.fire (/snap/code/42/usr/share/code/resources/app/out/vs/workbench/services/extensions/node/extensionHostProcess.js:46:222)
    at g.onLengthData (/snap/code/42/usr/share/code/resources/app/extensions/typescript-language-features/dist/extension.js:45:60018)
    at Socket.<anonymous> (/snap/code/42/usr/share/code/resources/app/extensions/typescript-language-features/dist/extension.js:45:59666)
    at Socket.emit (events.js:203:13)
    at addChunk (_stream_readable.js:295:12)
    at readableAddChunk (_stream_readable.js:276:11)
    at Socket.Readable.push (_stream_readable.js:210:10)
    at Pipe.onStreamRead (internal/stream_base_commons.js:166:17)
