Info 0    [21:25:57.269] Format host information updated
Info 1    [21:25:57.269] reload projects.
Info 2    [21:25:57.269] Before ensureProjectForOpenFiles:
Info 3    [21:25:57.269] After ensureProjectForOpenFiles:
Info 4    [21:25:57.269] Host file extension mappings updated
Info 5    [21:25:57.361] Search path: /home/ldab/Bureau/angular-tour-of-heroes/src/app
Info 6    [21:25:57.362] For info: /home/ldab/Bureau/angular-tour-of-heroes/src/app/hero.service.ts :: Config file name: /home/ldab/Bureau/angular-tour-of-heroes/tsconfig.json
Info 7    [21:25:57.362] Opened configuration file /home/ldab/Bureau/angular-tour-of-heroes/tsconfig.json
Info 8    [21:25:57.432] Config: /home/ldab/Bureau/angular-tour-of-heroes/tsconfig.json : {
 "rootNames": [
  "/home/ldab/Bureau/angular-tour-of-heroes/e2e/src/app.e2e-spec.ts",
  "/home/ldab/Bureau/angular-tour-of-heroes/e2e/src/app.po.ts",
  "/home/ldab/Bureau/angular-tour-of-heroes/src/main.ts",
  "/home/ldab/Bureau/angular-tour-of-heroes/src/polyfills.ts",
  "/home/ldab/Bureau/angular-tour-of-heroes/src/app/app-routing.module.ts",
  "/home/ldab/Bureau/angular-tour-of-heroes/src/app/app.component.ts",
  "/home/ldab/Bureau/angular-tour-of-heroes/src/app/app.module.ts",
  "/home/ldab/Bureau/angular-tour-of-heroes/src/app/hero.service.ts",
  "/home/ldab/Bureau/angular-tour-of-heroes/src/app/hero.ts",
  "/home/ldab/Bureau/angular-tour-of-heroes/src/app/in-memory-data.service.ts",
  "/home/ldab/Bureau/angular-tour-of-heroes/src/app/message.service.ts",
  "/home/ldab/Bureau/angular-tour-of-heroes/src/app/dashboard/dashboard.component.spec.ts",
  "/home/ldab/Bureau/angular-tour-of-heroes/src/app/dashboard/dashboard.component.ts",
  "/home/ldab/Bureau/angular-tour-of-heroes/src/app/hero-detail/hero-detail.component.ts",
  "/home/ldab/Bureau/angular-tour-of-heroes/src/app/hero-search/hero-search.component.ts",
  "/home/ldab/Bureau/angular-tour-of-heroes/src/app/heroes/heroes.component.ts",
  "/home/ldab/Bureau/angular-tour-of-heroes/src/app/messages/messages.component.ts",
  "/home/ldab/Bureau/angular-tour-of-heroes/src/environments/environment.prod.ts",
  "/home/ldab/Bureau/angular-tour-of-heroes/src/environments/environment.ts"
 ],
 "options": {
  "baseUrl": "/home/ldab/Bureau/angular-tour-of-heroes",
  "outDir": "/home/ldab/Bureau/angular-tour-of-heroes/dist/out-tsc",
  "sourceMap": true,
  "declaration": false,
  "downlevelIteration": true,
  "experimentalDecorators": true,
  "moduleResolution": 2,
  "importHelpers": true,
  "target": 2,
  "module": 6,
  "lib": [
   "lib.es2018.d.ts",
   "lib.dom.d.ts"
  ],
  "configFilePath": "/home/ldab/Bureau/angular-tour-of-heroes/tsconfig.json"
 }
}
Info 9    [21:25:57.987] Loading global plugin @angular/language-service
Info 10   [21:25:57.987] Enabling plugin @angular/language-service from candidate paths: /root/.vscode/extensions/angular.ng-template-0.1000.8/server/node_modules/@angular/language-service/bundles/language-service.js,/root/.vscode/extensions/angular.ng-template-0.1000.8/node_modules/typescript/lib/tsserverlibrary.js/../../..
Info 11   [21:25:57.987] Loading @angular/language-service from /root/.vscode/extensions/angular.ng-template-0.1000.8/server/node_modules/@angular/language-service/bundles/language-service.js (resolved to /root/.vscode/extensions/angular.ng-template-0.1000.8/server/node_modules/@angular/language-service/bundles/language-service.js/node_modules)
Info 12   [21:25:58.35] Plugin validation succeded
Info 13   [21:25:58.60] Starting updateGraphWorker: Project: /home/ldab/Bureau/angular-tour-of-heroes/tsconfig.json
Info 14   [21:26:0.799] Finishing updateGraphWorker: Project: /home/ldab/Bureau/angular-tour-of-heroes/tsconfig.json Version: 1 structureChanged: true Elapsed: 2739ms
Info 15   [21:26:0.799] Project '/home/ldab/Bureau/angular-tour-of-heroes/tsconfig.json' (Configured)
Info 16   [21:26:0.799] 	Files (429)

Info 17   [21:26:0.799] -----------------------------------------------
Info 18   [21:26:0.802] Starting updateGraphWorker: Project: /home/ldab/Bureau/angular-tour-of-heroes/tsconfig.json
Info 19   [21:26:0.807] Finishing updateGraphWorker: Project: /home/ldab/Bureau/angular-tour-of-heroes/tsconfig.json Version: 2 structureChanged: false Elapsed: 5ms
Info 20   [21:26:1.890] DirectoryWatcher:: Triggered with /home/ldab/Bureau/angular-tour-of-heroes :: WatchInfo: /home/ldab/Bureau/angular-tour-of-heroes 1 undefined Project: /home/ldab/Bureau/angular-tour-of-heroes/tsconfig.json WatchType: Wild card directory
Info 21   [21:26:1.891] Elapsed:: 1ms DirectoryWatcher:: Triggered with /home/ldab/Bureau/angular-tour-of-heroes :: WatchInfo: /home/ldab/Bureau/angular-tour-of-heroes 1 undefined Project: /home/ldab/Bureau/angular-tour-of-heroes/tsconfig.json WatchType: Wild card directory
Info 22   [21:26:2.210] Starting updateGraphWorker: Project: /home/ldab/Bureau/angular-tour-of-heroes/tsconfig.json
Info 23   [21:26:2.210] Finishing updateGraphWorker: Project: /home/ldab/Bureau/angular-tour-of-heroes/tsconfig.json Version: 3 structureChanged: false Elapsed: 0ms
Info 24   [21:26:3.32] DirectoryWatcher:: Triggered with /home/ldab/Bureau/angular-tour-of-heroes :: WatchInfo: /home/ldab/Bureau/angular-tour-of-heroes 1 undefined Project: /home/ldab/Bureau/angular-tour-of-heroes/tsconfig.json WatchType: Wild card directory
Info 25   [21:26:3.32] Elapsed:: 0ms DirectoryWatcher:: Triggered with /home/ldab/Bureau/angular-tour-of-heroes :: WatchInfo: /home/ldab/Bureau/angular-tour-of-heroes 1 undefined Project: /home/ldab/Bureau/angular-tour-of-heroes/tsconfig.json WatchType: Wild card directory
Info 26   [21:26:3.446] Starting updateGraphWorker: Project: /home/ldab/Bureau/angular-tour-of-heroes/tsconfig.json
Info 27   [21:26:3.447] Finishing updateGraphWorker: Project: /home/ldab/Bureau/angular-tour-of-heroes/tsconfig.json Version: 4 structureChanged: true Elapsed: 1ms
Info 28   [21:26:3.447] Different program with same set of files:: oldProgram.structureIsReused:: 0
Info 29   [21:26:4.888] DirectoryWatcher:: Triggered with /home/ldab/Bureau/angular-tour-of-heroes :: WatchInfo: /home/ldab/Bureau/angular-tour-of-heroes 1 undefined Project: /home/ldab/Bureau/angular-tour-of-heroes/tsconfig.json WatchType: Wild card directory
Info 30   [21:26:4.888] Elapsed:: 0ms DirectoryWatcher:: Triggered with /home/ldab/Bureau/angular-tour-of-heroes :: WatchInfo: /home/ldab/Bureau/angular-tour-of-heroes 1 undefined Project: /home/ldab/Bureau/angular-tour-of-heroes/tsconfig.json WatchType: Wild card directory
Info 31   [21:26:5.193] Starting updateGraphWorker: Project: /home/ldab/Bureau/angular-tour-of-heroes/tsconfig.json
Info 32   [21:26:5.194] Finishing updateGraphWorker: Project: /home/ldab/Bureau/angular-tour-of-heroes/tsconfig.json Version: 5 structureChanged: false Elapsed: 1ms
Info 33   [21:26:7.389] Before ensureProjectForOpenFiles:
Info 34   [21:26:7.390] After ensureProjectForOpenFiles:
Info 35   [21:26:11.926] DirectoryWatcher:: Triggered with /home/ldab/Bureau/angular-tour-of-heroes :: WatchInfo: /home/ldab/Bureau/angular-tour-of-heroes 1 undefined Project: /home/ldab/Bureau/angular-tour-of-heroes/tsconfig.json WatchType: Wild card directory
Info 36   [21:26:11.926] Elapsed:: 0ms DirectoryWatcher:: Triggered with /home/ldab/Bureau/angular-tour-of-heroes :: WatchInfo: /home/ldab/Bureau/angular-tour-of-heroes 1 undefined Project: /home/ldab/Bureau/angular-tour-of-heroes/tsconfig.json WatchType: Wild card directory
Info 37   [21:26:12.245] Starting updateGraphWorker: Project: /home/ldab/Bureau/angular-tour-of-heroes/tsconfig.json
Info 38   [21:26:12.246] Finishing updateGraphWorker: Project: /home/ldab/Bureau/angular-tour-of-heroes/tsconfig.json Version: 6 structureChanged: false Elapsed: 0ms
Info 39   [21:26:14.427] Before ensureProjectForOpenFiles:
Info 40   [21:26:14.427] After ensureProjectForOpenFiles:
Info 41   [21:26:15.453] DirectoryWatcher:: Triggered with /home/ldab/Bureau/angular-tour-of-heroes :: WatchInfo: /home/ldab/Bureau/angular-tour-of-heroes 1 undefined Project: /home/ldab/Bureau/angular-tour-of-heroes/tsconfig.json WatchType: Wild card directory
Info 42   [21:26:15.453] Elapsed:: 0ms DirectoryWatcher:: Triggered with /home/ldab/Bureau/angular-tour-of-heroes :: WatchInfo: /home/ldab/Bureau/angular-tour-of-heroes 1 undefined Project: /home/ldab/Bureau/angular-tour-of-heroes/tsconfig.json WatchType: Wild card directory
Info 43   [21:26:15.756] Starting updateGraphWorker: Project: /home/ldab/Bureau/angular-tour-of-heroes/tsconfig.json
Info 44   [21:26:15.756] Finishing updateGraphWorker: Project: /home/ldab/Bureau/angular-tour-of-heroes/tsconfig.json Version: 7 structureChanged: false Elapsed: 0ms
Info 45   [21:26:17.954] Before ensureProjectForOpenFiles:
Info 46   [21:26:17.954] After ensureProjectForOpenFiles:
Info 47   [21:26:54.318] DirectoryWatcher:: Triggered with /home/ldab/Bureau/angular-tour-of-heroes :: WatchInfo: /home/ldab/Bureau/angular-tour-of-heroes 1 undefined Project: /home/ldab/Bureau/angular-tour-of-heroes/tsconfig.json WatchType: Wild card directory
Info 48   [21:26:54.318] Elapsed:: 0ms DirectoryWatcher:: Triggered with /home/ldab/Bureau/angular-tour-of-heroes :: WatchInfo: /home/ldab/Bureau/angular-tour-of-heroes 1 undefined Project: /home/ldab/Bureau/angular-tour-of-heroes/tsconfig.json WatchType: Wild card directory
Info 49   [21:26:54.638] Starting updateGraphWorker: Project: /home/ldab/Bureau/angular-tour-of-heroes/tsconfig.json
Info 50   [21:26:54.638] Finishing updateGraphWorker: Project: /home/ldab/Bureau/angular-tour-of-heroes/tsconfig.json Version: 8 structureChanged: false Elapsed: 0ms
Info 51   [21:26:56.214] DirectoryWatcher:: Triggered with /home/ldab/Bureau/angular-tour-of-heroes :: WatchInfo: /home/ldab/Bureau/angular-tour-of-heroes 1 undefined Project: /home/ldab/Bureau/angular-tour-of-heroes/tsconfig.json WatchType: Wild card directory
Info 52   [21:26:56.214] Elapsed:: 0ms DirectoryWatcher:: Triggered with /home/ldab/Bureau/angular-tour-of-heroes :: WatchInfo: /home/ldab/Bureau/angular-tour-of-heroes 1 undefined Project: /home/ldab/Bureau/angular-tour-of-heroes/tsconfig.json WatchType: Wild card directory
Info 53   [21:26:56.530] Starting updateGraphWorker: Project: /home/ldab/Bureau/angular-tour-of-heroes/tsconfig.json
Info 54   [21:26:56.530] Finishing updateGraphWorker: Project: /home/ldab/Bureau/angular-tour-of-heroes/tsconfig.json Version: 9 structureChanged: false Elapsed: 0ms
Info 55   [21:26:58.715] Before ensureProjectForOpenFiles:
Info 56   [21:26:58.715] After ensureProjectForOpenFiles:
Info 57   [21:27:4.275] DirectoryWatcher:: Triggered with /home/ldab/Bureau/angular-tour-of-heroes :: WatchInfo: /home/ldab/Bureau/angular-tour-of-heroes 1 undefined Project: /home/ldab/Bureau/angular-tour-of-heroes/tsconfig.json WatchType: Wild card directory
Info 58   [21:27:4.275] Elapsed:: 0ms DirectoryWatcher:: Triggered with /home/ldab/Bureau/angular-tour-of-heroes :: WatchInfo: /home/ldab/Bureau/angular-tour-of-heroes 1 undefined Project: /home/ldab/Bureau/angular-tour-of-heroes/tsconfig.json WatchType: Wild card directory
Info 59   [21:27:4.423] Starting updateGraphWorker: Project: /home/ldab/Bureau/angular-tour-of-heroes/tsconfig.json
Info 60   [21:27:4.423] Finishing updateGraphWorker: Project: /home/ldab/Bureau/angular-tour-of-heroes/tsconfig.json Version: 10 structureChanged: false Elapsed: 0ms
Info 61   [21:27:6.775] Before ensureProjectForOpenFiles:
Info 62   [21:27:6.776] After ensureProjectForOpenFiles:
Info 63   [21:27:15.35] DirectoryWatcher:: Triggered with /home/ldab/Bureau/angular-tour-of-heroes :: WatchInfo: /home/ldab/Bureau/angular-tour-of-heroes 1 undefined Project: /home/ldab/Bureau/angular-tour-of-heroes/tsconfig.json WatchType: Wild card directory
Info 64   [21:27:15.35] Elapsed:: 0ms DirectoryWatcher:: Triggered with /home/ldab/Bureau/angular-tour-of-heroes :: WatchInfo: /home/ldab/Bureau/angular-tour-of-heroes 1 undefined Project: /home/ldab/Bureau/angular-tour-of-heroes/tsconfig.json WatchType: Wild card directory
Info 65   [21:27:15.338] Starting updateGraphWorker: Project: /home/ldab/Bureau/angular-tour-of-heroes/tsconfig.json
Info 66   [21:27:15.338] Finishing updateGraphWorker: Project: /home/ldab/Bureau/angular-tour-of-heroes/tsconfig.json Version: 11 structureChanged: false Elapsed: 0ms
Info 67   [21:27:17.534] Before ensureProjectForOpenFiles:
Info 68   [21:27:17.535] After ensureProjectForOpenFiles:
Info 69   [21:27:26.492] DirectoryWatcher:: Triggered with /home/ldab/Bureau/angular-tour-of-heroes :: WatchInfo: /home/ldab/Bureau/angular-tour-of-heroes 1 undefined Project: /home/ldab/Bureau/angular-tour-of-heroes/tsconfig.json WatchType: Wild card directory
Info 70   [21:27:26.492] Elapsed:: 0ms DirectoryWatcher:: Triggered with /home/ldab/Bureau/angular-tour-of-heroes :: WatchInfo: /home/ldab/Bureau/angular-tour-of-heroes 1 undefined Project: /home/ldab/Bureau/angular-tour-of-heroes/tsconfig.json WatchType: Wild card directory
Info 71   [21:27:26.776] Starting updateGraphWorker: Project: /home/ldab/Bureau/angular-tour-of-heroes/tsconfig.json
Info 72   [21:27:26.776] Finishing updateGraphWorker: Project: /home/ldab/Bureau/angular-tour-of-heroes/tsconfig.json Version: 12 structureChanged: false Elapsed: 0ms
Info 73   [21:27:28.993] Before ensureProjectForOpenFiles:
Info 74   [21:27:28.994] After ensureProjectForOpenFiles:
Info 75   [21:27:37.775] DirectoryWatcher:: Triggered with /home/ldab/Bureau/angular-tour-of-heroes :: WatchInfo: /home/ldab/Bureau/angular-tour-of-heroes 1 undefined Project: /home/ldab/Bureau/angular-tour-of-heroes/tsconfig.json WatchType: Wild card directory
Info 76   [21:27:37.776] Elapsed:: 1ms DirectoryWatcher:: Triggered with /home/ldab/Bureau/angular-tour-of-heroes :: WatchInfo: /home/ldab/Bureau/angular-tour-of-heroes 1 undefined Project: /home/ldab/Bureau/angular-tour-of-heroes/tsconfig.json WatchType: Wild card directory
Info 77   [21:27:38.85] Starting updateGraphWorker: Project: /home/ldab/Bureau/angular-tour-of-heroes/tsconfig.json
Info 78   [21:27:38.86] Finishing updateGraphWorker: Project: /home/ldab/Bureau/angular-tour-of-heroes/tsconfig.json Version: 13 structureChanged: false Elapsed: 1ms
Info 79   [21:27:40.275] Before ensureProjectForOpenFiles:
Info 80   [21:27:40.275] After ensureProjectForOpenFiles:
Info 81   [21:27:40.399] Search path: /home/ldab/Bureau/angular-tour-of-heroes/src/app/hero-search
Info 82   [21:27:40.399] For info: /home/ldab/Bureau/angular-tour-of-heroes/src/app/hero-search/hero-search.component.ts :: Config file name: /home/ldab/Bureau/angular-tour-of-heroes/tsconfig.json
Info 83   [21:27:45.785] DirectoryWatcher:: Triggered with /home/ldab/Bureau/angular-tour-of-heroes :: WatchInfo: /home/ldab/Bureau/angular-tour-of-heroes 1 undefined Project: /home/ldab/Bureau/angular-tour-of-heroes/tsconfig.json WatchType: Wild card directory
Info 84   [21:27:45.785] Elapsed:: 0ms DirectoryWatcher:: Triggered with /home/ldab/Bureau/angular-tour-of-heroes :: WatchInfo: /home/ldab/Bureau/angular-tour-of-heroes 1 undefined Project: /home/ldab/Bureau/angular-tour-of-heroes/tsconfig.json WatchType: Wild card directory
Info 85   [21:27:46.112] Starting updateGraphWorker: Project: /home/ldab/Bureau/angular-tour-of-heroes/tsconfig.json
Info 86   [21:27:46.112] Finishing updateGraphWorker: Project: /home/ldab/Bureau/angular-tour-of-heroes/tsconfig.json Version: 14 structureChanged: false Elapsed: 0ms
Info 87   [21:27:46.112] Different program with same set of files:: oldProgram.structureIsReused:: 2
Info 88   [21:27:48.285] Before ensureProjectForOpenFiles:
Info 89   [21:27:48.286] After ensureProjectForOpenFiles:
Info 90   [21:27:56.227] DirectoryWatcher:: Triggered with /home/ldab/Bureau/angular-tour-of-heroes :: WatchInfo: /home/ldab/Bureau/angular-tour-of-heroes 1 undefined Project: /home/ldab/Bureau/angular-tour-of-heroes/tsconfig.json WatchType: Wild card directory
Info 91   [21:27:56.228] Elapsed:: 0ms DirectoryWatcher:: Triggered with /home/ldab/Bureau/angular-tour-of-heroes :: WatchInfo: /home/ldab/Bureau/angular-tour-of-heroes 1 undefined Project: /home/ldab/Bureau/angular-tour-of-heroes/tsconfig.json WatchType: Wild card directory
Info 92   [21:27:56.539] Starting updateGraphWorker: Project: /home/ldab/Bureau/angular-tour-of-heroes/tsconfig.json
Info 93   [21:27:56.539] Finishing updateGraphWorker: Project: /home/ldab/Bureau/angular-tour-of-heroes/tsconfig.json Version: 15 structureChanged: false Elapsed: 0ms
Info 94   [21:27:58.728] Before ensureProjectForOpenFiles:
Info 95   [21:27:58.728] After ensureProjectForOpenFiles:
Info 96   [21:28:56.233] DirectoryWatcher:: Triggered with /home/ldab/Bureau/angular-tour-of-heroes :: WatchInfo: /home/ldab/Bureau/angular-tour-of-heroes 1 undefined Project: /home/ldab/Bureau/angular-tour-of-heroes/tsconfig.json WatchType: Wild card directory
Info 97   [21:28:56.234] Elapsed:: 0ms DirectoryWatcher:: Triggered with /home/ldab/Bureau/angular-tour-of-heroes :: WatchInfo: /home/ldab/Bureau/angular-tour-of-heroes 1 undefined Project: /home/ldab/Bureau/angular-tour-of-heroes/tsconfig.json WatchType: Wild card directory
Info 98   [21:28:56.516] Starting updateGraphWorker: Project: /home/ldab/Bureau/angular-tour-of-heroes/tsconfig.json
Info 99   [21:28:56.516] Finishing updateGraphWorker: Project: /home/ldab/Bureau/angular-tour-of-heroes/tsconfig.json Version: 16 structureChanged: false Elapsed: 0ms
Info 100  [21:28:58.735] Before ensureProjectForOpenFiles:
Info 101  [21:28:58.735] After ensureProjectForOpenFiles:
Info 102  [21:29:56.258] DirectoryWatcher:: Triggered with /home/ldab/Bureau/angular-tour-of-heroes :: WatchInfo: /home/ldab/Bureau/angular-tour-of-heroes 1 undefined Project: /home/ldab/Bureau/angular-tour-of-heroes/tsconfig.json WatchType: Wild card directory
Info 103  [21:29:56.259] Elapsed:: 1ms DirectoryWatcher:: Triggered with /home/ldab/Bureau/angular-tour-of-heroes :: WatchInfo: /home/ldab/Bureau/angular-tour-of-heroes 1 undefined Project: /home/ldab/Bureau/angular-tour-of-heroes/tsconfig.json WatchType: Wild card directory
Info 104  [21:29:56.547] Starting updateGraphWorker: Project: /home/ldab/Bureau/angular-tour-of-heroes/tsconfig.json
Info 105  [21:29:56.547] Finishing updateGraphWorker: Project: /home/ldab/Bureau/angular-tour-of-heroes/tsconfig.json Version: 17 structureChanged: false Elapsed: 0ms
Info 106  [21:29:58.759] Before ensureProjectForOpenFiles:
Info 107  [21:29:58.759] After ensureProjectForOpenFiles:
