[2020-09-08 02:31:37.342] [sharedprocess] [info] main {"machineId":"70e47962f8db9099b5c32bff5d086a841625d7fc5fd73ad6847e53798bf19d88","windowId":2}
[2020-09-08 02:31:37.377] [sharedprocess] [error] [File Watcher (node.js)] Error: ENOENT: no such file or directory, stat '/home/ldab/Bureau/angular-tour-of-heroes/~/root/User/snippets'
[2020-09-08 02:32:17.359] [sharedprocess] [info] Starting to clean up unused language packs.
[2020-09-08 02:42:34.898] [sharedprocess] [info] Installing extension: angular.ng-template
[2020-09-08 02:42:50.840] [sharedprocess] [info] Downloaded extension: angular.ng-template /home/ldab/Bureau/angular-tour-of-heroes/~/root/CachedExtensionVSIXs/angular.ng-template-0.1000.8
[2020-09-08 02:42:51.543] [sharedprocess] [info] Extracted extension to /root/.vscode/extensions/.angular.ng-template-0.1000.8: angular.ng-template
[2020-09-08 02:42:51.544] [sharedprocess] [info] Renamed to /root/.vscode/extensions/angular.ng-template-0.1000.8
[2020-09-08 02:42:51.544] [sharedprocess] [info] Installation completed. angular.ng-template
[2020-09-08 02:42:51.549] [sharedprocess] [info] Extensions installed successfully: angular.ng-template
[2020-09-08 02:44:11.510] [sharedprocess] [info] Installing extension: esbenp.prettier-vscode
[2020-09-08 02:44:14.787] [sharedprocess] [info] Downloaded extension: esbenp.prettier-vscode /home/ldab/Bureau/angular-tour-of-heroes/~/root/CachedExtensionVSIXs/esbenp.prettier-vscode-5.5.0
[2020-09-08 02:44:14.879] [sharedprocess] [info] Extracted extension to /root/.vscode/extensions/.esbenp.prettier-vscode-5.5.0: esbenp.prettier-vscode
[2020-09-08 02:44:14.879] [sharedprocess] [info] Renamed to /root/.vscode/extensions/esbenp.prettier-vscode-5.5.0
[2020-09-08 02:44:14.880] [sharedprocess] [info] Installation completed. esbenp.prettier-vscode
[2020-09-08 02:44:14.884] [sharedprocess] [info] Extensions installed successfully: esbenp.prettier-vscode
[2020-09-08 02:44:28.525] [sharedprocess] [info] Installing extension: formulahendry.auto-close-tag
[2020-09-08 02:44:30.203] [sharedprocess] [info] Downloaded extension: formulahendry.auto-close-tag /home/ldab/Bureau/angular-tour-of-heroes/~/root/CachedExtensionVSIXs/formulahendry.auto-close-tag-0.5.8
[2020-09-08 02:44:30.224] [sharedprocess] [info] Extracted extension to /root/.vscode/extensions/.formulahendry.auto-close-tag-0.5.8: formulahendry.auto-close-tag
[2020-09-08 02:44:30.224] [sharedprocess] [info] Renamed to /root/.vscode/extensions/formulahendry.auto-close-tag-0.5.8
[2020-09-08 02:44:30.224] [sharedprocess] [info] Installation completed. formulahendry.auto-close-tag
[2020-09-08 02:44:30.226] [sharedprocess] [info] Extensions installed successfully: formulahendry.auto-close-tag
[2020-09-08 02:45:53.362] [sharedprocess] [info] Installing extension: rbbit.typescript-hero
[2020-09-08 02:46:10.439] [sharedprocess] [info] Downloaded extension: rbbit.typescript-hero /home/ldab/Bureau/angular-tour-of-heroes/~/root/CachedExtensionVSIXs/rbbit.typescript-hero-3.0.0
[2020-09-08 02:46:11.751] [sharedprocess] [info] Extracted extension to /root/.vscode/extensions/.rbbit.typescript-hero-3.0.0: rbbit.typescript-hero
[2020-09-08 02:46:11.751] [sharedprocess] [info] Renamed to /root/.vscode/extensions/rbbit.typescript-hero-3.0.0
[2020-09-08 02:46:11.752] [sharedprocess] [info] Installation completed. rbbit.typescript-hero
[2020-09-08 02:46:11.756] [sharedprocess] [info] Extensions installed successfully: rbbit.typescript-hero
[2020-09-08 15:41:00.054] [sharedprocess] [info] Installing extension: coenraads.bracket-pair-colorizer
[2020-09-08 15:41:04.683] [sharedprocess] [info] Downloaded extension: coenraads.bracket-pair-colorizer /home/ldab/Bureau/angular-tour-of-heroes/~/root/CachedExtensionVSIXs/coenraads.bracket-pair-colorizer-1.0.61
[2020-09-08 15:41:04.852] [sharedprocess] [info] Extracted extension to /root/.vscode/extensions/.coenraads.bracket-pair-colorizer-1.0.61: coenraads.bracket-pair-colorizer
[2020-09-08 15:41:04.852] [sharedprocess] [info] Renamed to /root/.vscode/extensions/coenraads.bracket-pair-colorizer-1.0.61
[2020-09-08 15:41:04.852] [sharedprocess] [info] Installation completed. coenraads.bracket-pair-colorizer
[2020-09-08 15:41:04.855] [sharedprocess] [info] Extensions installed successfully: coenraads.bracket-pair-colorizer
[2020-09-08 15:52:42.381] [sharedprocess] [info] Installing extension: formulahendry.auto-rename-tag
[2020-09-08 15:52:46.497] [sharedprocess] [info] Downloaded extension: formulahendry.auto-rename-tag /home/ldab/Bureau/angular-tour-of-heroes/~/root/CachedExtensionVSIXs/formulahendry.auto-rename-tag-0.1.4
[2020-09-08 15:52:46.519] [sharedprocess] [info] Extracted extension to /root/.vscode/extensions/.formulahendry.auto-rename-tag-0.1.4: formulahendry.auto-rename-tag
[2020-09-08 15:52:46.519] [sharedprocess] [info] Renamed to /root/.vscode/extensions/formulahendry.auto-rename-tag-0.1.4
[2020-09-08 15:52:46.519] [sharedprocess] [info] Installation completed. formulahendry.auto-rename-tag
[2020-09-08 15:52:46.522] [sharedprocess] [info] Extensions installed successfully: formulahendry.auto-rename-tag
[2020-09-09 16:46:32.979] [sharedprocess] [info] Installing extension: esbenp.prettier-vscode
[2020-09-09 16:46:42.400] [sharedprocess] [info] Downloaded extension: esbenp.prettier-vscode /home/ldab/Bureau/angular-tour-of-heroes/~/root/CachedExtensionVSIXs/esbenp.prettier-vscode-5.6.0
[2020-09-09 16:46:42.512] [sharedprocess] [info] Extracted extension to /root/.vscode/extensions/.esbenp.prettier-vscode-5.6.0: esbenp.prettier-vscode
[2020-09-09 16:46:42.516] [sharedprocess] [info] Renamed to /root/.vscode/extensions/esbenp.prettier-vscode-5.6.0
[2020-09-09 16:46:42.516] [sharedprocess] [info] Installation completed. esbenp.prettier-vscode
[2020-09-09 16:46:42.522] [sharedprocess] [info] Extensions installed successfully: esbenp.prettier-vscode
