[2020-09-10 02:09:59.415] [exthost] [info] extension host started
[2020-09-10 02:09:59.522] [exthost] [info] ExtensionService#_doActivateExtension vscode.microsoft-authentication {"startup":false,"extensionId":{"value":"vscode.microsoft-authentication","_lower":"vscode.microsoft-authentication"},"activationEvent":"onAuthenticationRequest:microsoft"}
[2020-09-10 02:09:59.522] [exthost] [info] ExtensionService#loadCommonJSModule file:///snap/code/42/usr/share/code/resources/app/extensions/microsoft-authentication/dist/extension.js
[2020-09-10 02:09:59.528] [exthost] [info] ExtensionService#_doActivateExtension vscode.github-authentication {"startup":false,"extensionId":{"value":"vscode.github-authentication","_lower":"vscode.github-authentication"},"activationEvent":"onAuthenticationRequest:github"}
[2020-09-10 02:09:59.529] [exthost] [info] ExtensionService#loadCommonJSModule file:///snap/code/42/usr/share/code/resources/app/extensions/github-authentication/dist/extension.js
[2020-09-10 02:09:59.533] [exthost] [info] ExtensionService#_doActivateExtension vscode.extension-editing {"startup":false,"extensionId":{"value":"vscode.extension-editing","_lower":"vscode.extension-editing"},"activationEvent":"onLanguage:typescript"}
[2020-09-10 02:09:59.533] [exthost] [info] ExtensionService#loadCommonJSModule file:///snap/code/42/usr/share/code/resources/app/extensions/extension-editing/dist/extensionEditingMain
[2020-09-10 02:09:59.537] [exthost] [info] ExtensionService#_doActivateExtension vscode.typescript-language-features {"startup":false,"extensionId":{"value":"vscode.typescript-language-features","_lower":"vscode.typescript-language-features"},"activationEvent":"onLanguage:typescript"}
[2020-09-10 02:09:59.537] [exthost] [info] ExtensionService#loadCommonJSModule file:///snap/code/42/usr/share/code/resources/app/extensions/typescript-language-features/dist/extension
[2020-09-10 02:09:59.545] [exthost] [info] ExtensionService#_doActivateExtension Angular.ng-template {"startup":false,"extensionId":{"value":"Angular.ng-template","_lower":"angular.ng-template"},"activationEvent":"onLanguage:typescript"}
[2020-09-10 02:09:59.545] [exthost] [info] ExtensionService#loadCommonJSModule file:///root/.vscode/extensions/angular.ng-template-0.1000.8/client
[2020-09-10 02:09:59.580] [exthost] [info] ExtensionService#_doActivateExtension rbbit.typescript-hero {"startup":false,"extensionId":{"value":"rbbit.typescript-hero","_lower":"rbbit.typescript-hero"},"activationEvent":"onLanguage:typescript"}
[2020-09-10 02:09:59.580] [exthost] [info] ExtensionService#loadCommonJSModule file:///root/.vscode/extensions/rbbit.typescript-hero-3.0.0/out/src/extension
[2020-09-10 02:09:59.773] [exthost] [info] ExtensionService#_doActivateExtension vscode.debug-auto-launch {"startup":true,"extensionId":{"value":"vscode.debug-auto-launch","_lower":"vscode.debug-auto-launch"},"activationEvent":"*"}
[2020-09-10 02:09:59.773] [exthost] [info] ExtensionService#loadCommonJSModule file:///snap/code/42/usr/share/code/resources/app/extensions/debug-auto-launch/dist/extension
[2020-09-10 02:09:59.774] [exthost] [info] ExtensionService#_doActivateExtension vscode.emmet {"startup":true,"extensionId":{"value":"vscode.emmet","_lower":"vscode.emmet"},"activationEvent":"*"}
[2020-09-10 02:09:59.774] [exthost] [info] ExtensionService#loadCommonJSModule file:///snap/code/42/usr/share/code/resources/app/extensions/emmet/dist/node/emmetNodeMain
[2020-09-10 02:09:59.782] [exthost] [info] ExtensionService#_doActivateExtension vscode.git {"startup":true,"extensionId":{"value":"vscode.github","_lower":"vscode.github"},"activationEvent":"*"}
[2020-09-10 02:09:59.782] [exthost] [info] ExtensionService#loadCommonJSModule file:///snap/code/42/usr/share/code/resources/app/extensions/git/dist/main
[2020-09-10 02:09:59.792] [exthost] [info] ExtensionService#_doActivateExtension vscode.merge-conflict {"startup":true,"extensionId":{"value":"vscode.merge-conflict","_lower":"vscode.merge-conflict"},"activationEvent":"*"}
[2020-09-10 02:09:59.792] [exthost] [info] ExtensionService#loadCommonJSModule file:///snap/code/42/usr/share/code/resources/app/extensions/merge-conflict/dist/mergeConflictMain
[2020-09-10 02:09:59.793] [exthost] [info] ExtensionService#_doActivateExtension vscode.search-result {"startup":true,"extensionId":{"value":"vscode.search-result","_lower":"vscode.search-result"},"activationEvent":"*"}
[2020-09-10 02:09:59.793] [exthost] [info] ExtensionService#loadCommonJSModule file:///snap/code/42/usr/share/code/resources/app/extensions/search-result/dist/extension.js
[2020-09-10 02:09:59.793] [exthost] [info] ExtensionService#_doActivateExtension CoenraadS.bracket-pair-colorizer {"startup":true,"extensionId":{"value":"CoenraadS.bracket-pair-colorizer","_lower":"coenraads.bracket-pair-colorizer"},"activationEvent":"*"}
[2020-09-10 02:09:59.793] [exthost] [info] ExtensionService#loadCommonJSModule file:///root/.vscode/extensions/coenraads.bracket-pair-colorizer-1.0.61/out/src/extension
[2020-09-10 02:09:59.801] [exthost] [info] ExtensionService#_doActivateExtension formulahendry.auto-close-tag {"startup":true,"extensionId":{"value":"formulahendry.auto-close-tag","_lower":"formulahendry.auto-close-tag"},"activationEvent":"*"}
[2020-09-10 02:09:59.801] [exthost] [info] ExtensionService#loadCommonJSModule file:///root/.vscode/extensions/formulahendry.auto-close-tag-0.5.8/out/src/extension
[2020-09-10 02:09:59.802] [exthost] [info] ExtensionService#_doActivateExtension formulahendry.auto-rename-tag {"startup":true,"extensionId":{"value":"formulahendry.auto-rename-tag","_lower":"formulahendry.auto-rename-tag"},"activationEvent":"*"}
[2020-09-10 02:09:59.802] [exthost] [info] ExtensionService#loadCommonJSModule file:///root/.vscode/extensions/formulahendry.auto-rename-tag-0.1.4/packages/extension/dist/extensionMain.js
[2020-09-10 02:09:59.807] [exthost] [info] ExtensionService#_doActivateExtension vscode.npm {"startup":true,"extensionId":{"value":"vscode.npm","_lower":"vscode.npm"},"activationEvent":"workspaceContains:package.json"}
[2020-09-10 02:09:59.807] [exthost] [info] ExtensionService#loadCommonJSModule file:///snap/code/42/usr/share/code/resources/app/extensions/npm/dist/npmMain
[2020-09-10 02:10:00.103] [exthost] [info] ExtensionService#_doActivateExtension vscode.github {"startup":true,"extensionId":{"value":"vscode.github","_lower":"vscode.github"},"activationEvent":"*"}
[2020-09-10 02:10:00.103] [exthost] [info] ExtensionService#loadCommonJSModule file:///snap/code/42/usr/share/code/resources/app/extensions/github/dist/extension.js
[2020-09-10 02:10:00.132] [exthost] [info] ExtensionService#_doActivateExtension esbenp.prettier-vscode {"startup":false,"extensionId":{"value":"esbenp.prettier-vscode","_lower":"esbenp.prettier-vscode"},"activationEvent":"onStartupFinished"}
[2020-09-10 02:10:00.132] [exthost] [info] ExtensionService#loadCommonJSModule file:///root/.vscode/extensions/esbenp.prettier-vscode-5.6.0/dist/extension
[2020-09-10 02:10:00.189] [exthost] [info] eager extensions activated
[2020-09-10 02:10:02.937] [exthost] [info] ExtensionService#_doActivateExtension vscode.configuration-editing {"startup":false,"extensionId":{"value":"vscode.configuration-editing","_lower":"vscode.configuration-editing"},"activationEvent":"onLanguage:jsonc"}
[2020-09-10 02:10:02.937] [exthost] [info] ExtensionService#loadCommonJSModule file:///snap/code/42/usr/share/code/resources/app/extensions/configuration-editing/dist/configurationEditingMain
[2020-09-10 02:10:02.939] [exthost] [info] ExtensionService#_doActivateExtension vscode.json-language-features {"startup":false,"extensionId":{"value":"vscode.json-language-features","_lower":"vscode.json-language-features"},"activationEvent":"onLanguage:jsonc"}
[2020-09-10 02:10:02.939] [exthost] [info] ExtensionService#loadCommonJSModule file:///snap/code/42/usr/share/code/resources/app/extensions/json-language-features/client/dist/node/jsonClientMain
[2020-09-10 15:24:56.662] [exthost] [info] ExtensionService#_doActivateExtension vscode.html-language-features {"startup":false,"extensionId":{"value":"vscode.html-language-features","_lower":"vscode.html-language-features"},"activationEvent":"onLanguage:html"}
[2020-09-10 15:24:56.662] [exthost] [info] ExtensionService#loadCommonJSModule file:///snap/code/42/usr/share/code/resources/app/extensions/html-language-features/client/dist/node/htmlClientMain
[2020-09-10 15:44:48.969] [exthost] [error] [vscode.typescript-language-features] provider FAILED
[2020-09-10 15:44:49.010] [exthost] [error] Error: <semantic> TypeScript Server Error (3.9.7)
Cannot read property 'kind' of undefined
TypeError: Cannot read property 'kind' of undefined
    at isPropertyDeclaration (/snap/code/42/usr/share/code/resources/app/extensions/node_modules/typescript/lib/tsserver.js:11183:21)
    at Object.isPrivateIdentifierPropertyDeclaration (/snap/code/42/usr/share/code/resources/app/extensions/node_modules/typescript/lib/tsserver.js:12009:16)
    at /snap/code/42/usr/share/code/resources/app/extensions/node_modules/typescript/lib/tsserver.js:111643:36
    at Array.filter (<anonymous>)
    at stringLiteralCompletionsFromProperties (/snap/code/42/usr/share/code/resources/app/extensions/node_modules/typescript/lib/tsserver.js:111642:59)
    at getStringLiteralCompletionEntries (/snap/code/42/usr/share/code/resources/app/extensions/node_modules/typescript/lib/tsserver.js:111575:36)
    at Object.getStringLiteralCompletions (/snap/code/42/usr/share/code/resources/app/extensions/node_modules/typescript/lib/tsserver.js:111451:35)
    at Object.getCompletionsAtPosition (/snap/code/42/usr/share/code/resources/app/extensions/node_modules/typescript/lib/tsserver.js:112187:67)
    at Proxy.getCompletionsAtPosition (/snap/code/42/usr/share/code/resources/app/extensions/node_modules/typescript/lib/tsserver.js:138899:35)
    at IOSession.Session.getCompletions (/snap/code/42/usr/share/code/resources/app/extensions/node_modules/typescript/lib/tsserver.js:148978:64)
    at Session.handlers.ts.createMapFromTemplate._a.<computed> (/snap/code/42/usr/share/code/resources/app/extensions/node_modules/typescript/lib/tsserver.js:147915:61)
    at /snap/code/42/usr/share/code/resources/app/extensions/node_modules/typescript/lib/tsserver.js:149555:88
    at IOSession.Session.executeWithRequestId (/snap/code/42/usr/share/code/resources/app/extensions/node_modules/typescript/lib/tsserver.js:149546:28)
    at IOSession.Session.executeCommand (/snap/code/42/usr/share/code/resources/app/extensions/node_modules/typescript/lib/tsserver.js:149555:33)
    at IOSession.Session.onMessage (/snap/code/42/usr/share/code/resources/app/extensions/node_modules/typescript/lib/tsserver.js:149579:35)
    at Interface.<anonymous> (/snap/code/42/usr/share/code/resources/app/extensions/node_modules/typescript/lib/tsserver.js:150895:27)
    at Interface.emit (events.js:203:13)
    at Interface._onLine (readline.js:316:10)
    at Interface._normalWrite (readline.js:461:12)
    at Socket.ondata (readline.js:172:10)
    at Socket.emit (events.js:203:13)
    at addChunk (_stream_readable.js:295:12)
    at readableAddChunk (_stream_readable.js:276:11)
    at Socket.Readable.push (_stream_readable.js:210:10)
    at Pipe.onStreamRead (internal/stream_base_commons.js:166:17)
    at Function.create (/snap/code/42/usr/share/code/resources/app/extensions/typescript-language-features/dist/extension.js:1:75328)
    at h.dispatchResponse (/snap/code/42/usr/share/code/resources/app/extensions/typescript-language-features/dist/extension.js:1:69203)
    at h.dispatchMessage (/snap/code/42/usr/share/code/resources/app/extensions/typescript-language-features/dist/extension.js:1:68123)
    at /snap/code/42/usr/share/code/resources/app/extensions/typescript-language-features/dist/extension.js:1:67652
    at l.fire (/snap/code/42/usr/share/code/resources/app/out/vs/workbench/services/extensions/node/extensionHostProcess.js:46:222)
    at g.onLengthData (/snap/code/42/usr/share/code/resources/app/extensions/typescript-language-features/dist/extension.js:45:60018)
    at Socket.<anonymous> (/snap/code/42/usr/share/code/resources/app/extensions/typescript-language-features/dist/extension.js:45:59666)
    at Socket.emit (events.js:203:13)
    at addChunk (_stream_readable.js:295:12)
    at readableAddChunk (_stream_readable.js:276:11)
    at Socket.Readable.push (_stream_readable.js:210:10)
    at Pipe.onStreamRead (internal/stream_base_commons.js:166:17)
[2020-09-10 18:17:05.194] [exthost] [info] ExtensionService#_doActivateExtension vscode.css-language-features {"startup":false,"extensionId":{"value":"vscode.css-language-features","_lower":"vscode.css-language-features"},"activationEvent":"onLanguage:css"}
[2020-09-10 18:17:05.194] [exthost] [info] ExtensionService#loadCommonJSModule file:///snap/code/42/usr/share/code/resources/app/extensions/css-language-features/client/dist/node/cssClientMain
[2020-09-10 20:07:17.280] [exthost] [info] ExtensionService#_doActivateExtension ms-vscode.js-debug {"startup":false,"extensionId":{"value":"ms-vscode.js-debug","_lower":"ms-vscode.js-debug"},"activationEvent":"onCommand:extension.pwa-node-debug.createDebuggerTerminal"}
[2020-09-10 20:07:17.281] [exthost] [info] ExtensionService#loadCommonJSModule file:///snap/code/42/usr/share/code/resources/app/extensions/ms-vscode.js-debug/src/extension.js
