[2020-09-08 02:31:37.074] [exthost] [info] extension host started
[2020-09-08 02:31:37.091] [exthost] [info] ExtensionService#_doActivateExtension vscode.microsoft-authentication {"startup":false,"extensionId":{"value":"vscode.microsoft-authentication","_lower":"vscode.microsoft-authentication"},"activationEvent":"onAuthenticationRequest:microsoft"}
[2020-09-08 02:31:37.091] [exthost] [info] ExtensionService#loadCommonJSModule file:///snap/code/42/usr/share/code/resources/app/extensions/microsoft-authentication/dist/extension.js
[2020-09-08 02:31:37.112] [exthost] [info] ExtensionService#_doActivateExtension vscode.github-authentication {"startup":false,"extensionId":{"value":"vscode.github-authentication","_lower":"vscode.github-authentication"},"activationEvent":"onAuthenticationRequest:github"}
[2020-09-08 02:31:37.112] [exthost] [info] ExtensionService#loadCommonJSModule file:///snap/code/42/usr/share/code/resources/app/extensions/github-authentication/dist/extension.js
[2020-09-08 02:31:37.126] [exthost] [info] ExtensionService#_doActivateExtension vscode.debug-auto-launch {"startup":true,"extensionId":{"value":"vscode.debug-auto-launch","_lower":"vscode.debug-auto-launch"},"activationEvent":"*"}
[2020-09-08 02:31:37.126] [exthost] [info] ExtensionService#loadCommonJSModule file:///snap/code/42/usr/share/code/resources/app/extensions/debug-auto-launch/dist/extension
[2020-09-08 02:31:37.129] [exthost] [info] ExtensionService#_doActivateExtension vscode.emmet {"startup":true,"extensionId":{"value":"vscode.emmet","_lower":"vscode.emmet"},"activationEvent":"*"}
[2020-09-08 02:31:37.129] [exthost] [info] ExtensionService#loadCommonJSModule file:///snap/code/42/usr/share/code/resources/app/extensions/emmet/dist/node/emmetNodeMain
[2020-09-08 02:31:37.155] [exthost] [info] ExtensionService#_doActivateExtension vscode.git {"startup":true,"extensionId":{"value":"vscode.github","_lower":"vscode.github"},"activationEvent":"*"}
[2020-09-08 02:31:37.155] [exthost] [info] ExtensionService#loadCommonJSModule file:///snap/code/42/usr/share/code/resources/app/extensions/git/dist/main
[2020-09-08 02:31:37.226] [exthost] [info] ExtensionService#_doActivateExtension vscode.merge-conflict {"startup":true,"extensionId":{"value":"vscode.merge-conflict","_lower":"vscode.merge-conflict"},"activationEvent":"*"}
[2020-09-08 02:31:37.227] [exthost] [info] ExtensionService#loadCommonJSModule file:///snap/code/42/usr/share/code/resources/app/extensions/merge-conflict/dist/mergeConflictMain
[2020-09-08 02:31:37.230] [exthost] [info] ExtensionService#_doActivateExtension vscode.search-result {"startup":true,"extensionId":{"value":"vscode.search-result","_lower":"vscode.search-result"},"activationEvent":"*"}
[2020-09-08 02:31:37.231] [exthost] [info] ExtensionService#loadCommonJSModule file:///snap/code/42/usr/share/code/resources/app/extensions/search-result/dist/extension.js
[2020-09-08 02:31:37.322] [exthost] [info] ExtensionService#_doActivateExtension vscode.github {"startup":true,"extensionId":{"value":"vscode.github","_lower":"vscode.github"},"activationEvent":"*"}
[2020-09-08 02:31:37.322] [exthost] [info] ExtensionService#loadCommonJSModule file:///snap/code/42/usr/share/code/resources/app/extensions/github/dist/extension.js
[2020-09-08 02:31:37.334] [exthost] [info] eager extensions activated
[2020-09-08 02:32:45.398] [exthost] [info] extension host started
[2020-09-08 02:32:45.431] [exthost] [info] ExtensionService#_doActivateExtension vscode.microsoft-authentication {"startup":false,"extensionId":{"value":"vscode.microsoft-authentication","_lower":"vscode.microsoft-authentication"},"activationEvent":"onAuthenticationRequest:microsoft"}
[2020-09-08 02:32:45.431] [exthost] [info] ExtensionService#loadCommonJSModule file:///snap/code/42/usr/share/code/resources/app/extensions/microsoft-authentication/dist/extension.js
[2020-09-08 02:32:45.439] [exthost] [info] ExtensionService#_doActivateExtension vscode.github-authentication {"startup":false,"extensionId":{"value":"vscode.github-authentication","_lower":"vscode.github-authentication"},"activationEvent":"onAuthenticationRequest:github"}
[2020-09-08 02:32:45.440] [exthost] [info] ExtensionService#loadCommonJSModule file:///snap/code/42/usr/share/code/resources/app/extensions/github-authentication/dist/extension.js
[2020-09-08 02:32:45.446] [exthost] [info] ExtensionService#_doActivateExtension vscode.debug-auto-launch {"startup":true,"extensionId":{"value":"vscode.debug-auto-launch","_lower":"vscode.debug-auto-launch"},"activationEvent":"*"}
[2020-09-08 02:32:45.446] [exthost] [info] ExtensionService#loadCommonJSModule file:///snap/code/42/usr/share/code/resources/app/extensions/debug-auto-launch/dist/extension
[2020-09-08 02:32:45.448] [exthost] [info] ExtensionService#_doActivateExtension vscode.emmet {"startup":true,"extensionId":{"value":"vscode.emmet","_lower":"vscode.emmet"},"activationEvent":"*"}
[2020-09-08 02:32:45.448] [exthost] [info] ExtensionService#loadCommonJSModule file:///snap/code/42/usr/share/code/resources/app/extensions/emmet/dist/node/emmetNodeMain
[2020-09-08 02:32:45.457] [exthost] [info] ExtensionService#_doActivateExtension vscode.git {"startup":true,"extensionId":{"value":"vscode.github","_lower":"vscode.github"},"activationEvent":"*"}
[2020-09-08 02:32:45.457] [exthost] [info] ExtensionService#loadCommonJSModule file:///snap/code/42/usr/share/code/resources/app/extensions/git/dist/main
[2020-09-08 02:32:45.468] [exthost] [info] ExtensionService#_doActivateExtension vscode.merge-conflict {"startup":true,"extensionId":{"value":"vscode.merge-conflict","_lower":"vscode.merge-conflict"},"activationEvent":"*"}
[2020-09-08 02:32:45.468] [exthost] [info] ExtensionService#loadCommonJSModule file:///snap/code/42/usr/share/code/resources/app/extensions/merge-conflict/dist/mergeConflictMain
[2020-09-08 02:32:45.470] [exthost] [info] ExtensionService#_doActivateExtension vscode.search-result {"startup":true,"extensionId":{"value":"vscode.search-result","_lower":"vscode.search-result"},"activationEvent":"*"}
[2020-09-08 02:32:45.470] [exthost] [info] ExtensionService#loadCommonJSModule file:///snap/code/42/usr/share/code/resources/app/extensions/search-result/dist/extension.js
[2020-09-08 02:32:45.472] [exthost] [info] ExtensionService#_doActivateExtension vscode.npm {"startup":true,"extensionId":{"value":"vscode.npm","_lower":"vscode.npm"},"activationEvent":"workspaceContains:package.json"}
[2020-09-08 02:32:45.472] [exthost] [info] ExtensionService#loadCommonJSModule file:///snap/code/42/usr/share/code/resources/app/extensions/npm/dist/npmMain
[2020-09-08 02:32:45.573] [exthost] [info] ExtensionService#_doActivateExtension vscode.github {"startup":true,"extensionId":{"value":"vscode.github","_lower":"vscode.github"},"activationEvent":"*"}
[2020-09-08 02:32:45.573] [exthost] [info] ExtensionService#loadCommonJSModule file:///snap/code/42/usr/share/code/resources/app/extensions/github/dist/extension.js
[2020-09-08 02:32:45.578] [exthost] [info] eager extensions activated
[2020-09-08 02:32:53.703] [exthost] [info] ExtensionService#_doActivateExtension vscode.configuration-editing {"startup":false,"extensionId":{"value":"vscode.configuration-editing","_lower":"vscode.configuration-editing"},"activationEvent":"onLanguage:jsonc"}
[2020-09-08 02:32:53.704] [exthost] [info] ExtensionService#loadCommonJSModule file:///snap/code/42/usr/share/code/resources/app/extensions/configuration-editing/dist/configurationEditingMain
[2020-09-08 02:32:53.708] [exthost] [info] ExtensionService#_doActivateExtension vscode.json-language-features {"startup":false,"extensionId":{"value":"vscode.json-language-features","_lower":"vscode.json-language-features"},"activationEvent":"onLanguage:jsonc"}
[2020-09-08 02:32:53.708] [exthost] [info] ExtensionService#loadCommonJSModule file:///snap/code/42/usr/share/code/resources/app/extensions/json-language-features/client/dist/node/jsonClientMain
[2020-09-08 02:32:53.749] [exthost] [info] ExtensionService#_doActivateExtension vscode.typescript-language-features {"startup":false,"extensionId":{"value":"vscode.typescript-language-features","_lower":"vscode.typescript-language-features"},"activationEvent":"onLanguage:jsonc"}
[2020-09-08 02:32:53.749] [exthost] [info] ExtensionService#loadCommonJSModule file:///snap/code/42/usr/share/code/resources/app/extensions/typescript-language-features/dist/extension
[2020-09-08 02:33:20.665] [exthost] [info] ExtensionService#_doActivateExtension vscode.css-language-features {"startup":false,"extensionId":{"value":"vscode.css-language-features","_lower":"vscode.css-language-features"},"activationEvent":"onLanguage:css"}
[2020-09-08 02:33:20.665] [exthost] [info] ExtensionService#loadCommonJSModule file:///snap/code/42/usr/share/code/resources/app/extensions/css-language-features/client/dist/node/cssClientMain
[2020-09-08 02:33:22.195] [exthost] [info] ExtensionService#_doActivateExtension vscode.html-language-features {"startup":false,"extensionId":{"value":"vscode.html-language-features","_lower":"vscode.html-language-features"},"activationEvent":"onLanguage:html"}
[2020-09-08 02:33:22.195] [exthost] [info] ExtensionService#loadCommonJSModule file:///snap/code/42/usr/share/code/resources/app/extensions/html-language-features/client/dist/node/htmlClientMain
[2020-09-08 02:39:16.957] [exthost] [info] ExtensionService#_doActivateExtension vscode.extension-editing {"startup":false,"extensionId":{"value":"vscode.extension-editing","_lower":"vscode.extension-editing"},"activationEvent":"onLanguage:typescript"}
[2020-09-08 02:39:16.958] [exthost] [info] ExtensionService#loadCommonJSModule file:///snap/code/42/usr/share/code/resources/app/extensions/extension-editing/dist/extensionEditingMain
[2020-09-08 02:42:51.658] [exthost] [info] ExtensionService#_doActivateExtension Angular.ng-template {"startup":false,"extensionId":{"value":"Angular.ng-template","_lower":"angular.ng-template"},"activationEvent":"onLanguage:html"}
[2020-09-08 02:42:51.658] [exthost] [info] ExtensionService#loadCommonJSModule file:///root/.vscode/extensions/angular.ng-template-0.1000.8/client
[2020-09-08 02:43:13.249] [exthost] [info] ExtensionService#_doActivateExtension ms-vscode.js-debug {"startup":false,"extensionId":{"value":"ms-vscode.js-debug","_lower":"ms-vscode.js-debug"},"activationEvent":"onLanguage:json"}
[2020-09-08 02:43:13.250] [exthost] [info] ExtensionService#loadCommonJSModule file:///snap/code/42/usr/share/code/resources/app/extensions/ms-vscode.js-debug/src/extension.js
[2020-09-08 02:44:14.991] [exthost] [info] ExtensionService#_doActivateExtension esbenp.prettier-vscode {"startup":false,"extensionId":{"value":"esbenp.prettier-vscode","_lower":"esbenp.prettier-vscode"},"activationEvent":"*"}
[2020-09-08 02:44:14.991] [exthost] [info] ExtensionService#loadCommonJSModule file:///root/.vscode/extensions/esbenp.prettier-vscode-5.5.0/dist/extension
[2020-09-08 02:44:30.336] [exthost] [info] ExtensionService#_doActivateExtension formulahendry.auto-close-tag {"startup":false,"extensionId":{"value":"formulahendry.auto-close-tag","_lower":"formulahendry.auto-close-tag"},"activationEvent":"*"}
[2020-09-08 02:44:30.336] [exthost] [info] ExtensionService#loadCommonJSModule file:///root/.vscode/extensions/formulahendry.auto-close-tag-0.5.8/out/src/extension
[2020-09-08 02:46:11.854] [exthost] [info] ExtensionService#_doActivateExtension rbbit.typescript-hero {"startup":false,"extensionId":{"value":"rbbit.typescript-hero","_lower":"rbbit.typescript-hero"},"activationEvent":"onLanguage:typescript"}
[2020-09-08 02:46:11.854] [exthost] [info] ExtensionService#loadCommonJSModule file:///root/.vscode/extensions/rbbit.typescript-hero-3.0.0/out/src/extension
[2020-09-08 15:41:05.019] [exthost] [info] ExtensionService#_doActivateExtension CoenraadS.bracket-pair-colorizer {"startup":false,"extensionId":{"value":"CoenraadS.bracket-pair-colorizer","_lower":"coenraads.bracket-pair-colorizer"},"activationEvent":"*"}
[2020-09-08 15:41:05.026] [exthost] [info] ExtensionService#loadCommonJSModule file:///root/.vscode/extensions/coenraads.bracket-pair-colorizer-1.0.61/out/src/extension
[2020-09-08 15:52:46.719] [exthost] [info] ExtensionService#_doActivateExtension formulahendry.auto-rename-tag {"startup":false,"extensionId":{"value":"formulahendry.auto-rename-tag","_lower":"formulahendry.auto-rename-tag"},"activationEvent":"*"}
[2020-09-08 15:52:46.719] [exthost] [info] ExtensionService#loadCommonJSModule file:///root/.vscode/extensions/formulahendry.auto-rename-tag-0.1.4/packages/extension/dist/extensionMain.js
